2024.03.09 18:38:10 INFO  Started: Metals version 1.2.2 in folders '/Users/benlandrette/ccode/multi-language-practice/command-line-tool' for client Visual Studio Code 1.87.1.[0m
18:38:10.628 [pool-1-thread-1] INFO org.flywaydb.core.internal.license.VersionPrinter -- Flyway Community Edition 9.22.3 by Redgate
18:38:10.629 [pool-1-thread-1] INFO org.flywaydb.core.internal.license.VersionPrinter -- See release notes here: https://rd.gt/416ObMi
18:38:10.630 [pool-1-thread-1] INFO org.flywaydb.core.internal.license.VersionPrinter -- 
18:38:10.631 [pool-1-thread-1] DEBUG org.flywaydb.core.internal.scanner.classpath.ClassPathScanner -- Scanning for classpath resources at 'classpath:db/callback' ...
18:38:10.631 [pool-1-thread-1] DEBUG org.flywaydb.core.internal.scanner.classpath.ClassPathScanner -- Determining location urls for classpath:db/callback using ClassLoader jdk.internal.loader.ClassLoaders$AppClassLoader@7e32c033 ...
18:38:10.631 [pool-1-thread-1] DEBUG org.flywaydb.core.internal.scanner.classpath.ClassPathScanner -- Unable to resolve location classpath:db/callback.
18:38:10.632 [pool-1-thread-1] DEBUG org.flywaydb.core.internal.scanner.classpath.ClassPathScanner -- Scanning for classpath resources at 'classpath:db/migration' ...
18:38:10.632 [pool-1-thread-1] DEBUG org.flywaydb.core.internal.scanner.classpath.ClassPathScanner -- Determining location urls for classpath:db/migration using ClassLoader jdk.internal.loader.ClassLoaders$AppClassLoader@7e32c033 ...
18:38:10.632 [pool-1-thread-1] DEBUG org.flywaydb.core.internal.scanner.classpath.ClassPathScanner -- Scanning URL: jar:file:/Users/benlandrette/Library/Caches/Coursier/v1/https/repo1.maven.org/maven2/org/scalameta/metals_2.13/1.2.2/metals_2.13-1.2.2.jar!/db/migration
18:38:10.634 [pool-1-thread-1] DEBUG org.flywaydb.core.internal.scanner.classpath.ClassPathScanner -- Found resource: db/migration/
18:38:10.634 [pool-1-thread-1] DEBUG org.flywaydb.core.internal.scanner.classpath.ClassPathScanner -- Found resource: db/migration/V1__Create_tables.sql
18:38:10.634 [pool-1-thread-1] DEBUG org.flywaydb.core.internal.scanner.classpath.ClassPathScanner -- Found resource: db/migration/V2__Server_discovery.sql
18:38:10.634 [pool-1-thread-1] DEBUG org.flywaydb.core.internal.scanner.classpath.ClassPathScanner -- Found resource: db/migration/V3__Jar_symbols.sql
18:38:10.634 [pool-1-thread-1] DEBUG org.flywaydb.core.internal.scanner.classpath.ClassPathScanner -- Found resource: db/migration/V4__Fingerprints.sql
18:38:10.634 [pool-1-thread-1] DEBUG org.flywaydb.core.internal.scanner.classpath.ClassPathScanner -- Scanning for classes at classpath:db/migration
18:38:10.635 [pool-1-thread-1] DEBUG org.flywaydb.core.internal.scanner.Scanner -- Filtering out resource: db/migration/ (filename: )
18:38:10.635 [pool-1-thread-1] DEBUG org.flywaydb.core.internal.resource.ResourceNameValidator -- Validating V1__Create_tables.sql
18:38:10.636 [pool-1-thread-1] DEBUG org.flywaydb.core.internal.resource.ResourceNameValidator -- Validating V3__Jar_symbols.sql
18:38:10.636 [pool-1-thread-1] DEBUG org.flywaydb.core.internal.resource.ResourceNameValidator -- Validating V2__Server_discovery.sql
18:38:10.636 [pool-1-thread-1] DEBUG org.flywaydb.core.internal.resource.ResourceNameValidator -- Validating V4__Fingerprints.sql
18:38:10.681 [pool-1-thread-1] INFO org.flywaydb.core.FlywayExecutor -- Database: jdbc:h2:file:/Users/benlandrette/ccode/multi-language-practice/command-line-tool/.metals/metals (H2 2.2)
18:38:10.681 [pool-1-thread-1] DEBUG org.flywaydb.core.FlywayExecutor -- Driver: H2 JDBC Driver 2.2.224 (2023-09-17)
18:38:10.681 [pool-1-thread-1] DEBUG org.flywaydb.core.FlywayExecutor -- DDL Transactions Supported: false
18:38:10.682 [pool-1-thread-1] DEBUG org.flywaydb.core.internal.schemahistory.SchemaHistoryFactory -- Schemas: 
18:38:10.682 [pool-1-thread-1] DEBUG org.flywaydb.core.internal.schemahistory.SchemaHistoryFactory -- Default schema: null
18:38:10.684 [pool-1-thread-1] WARN org.flywaydb.core.internal.database.base.Database -- Flyway upgrade recommended: H2 2.2.224 is newer than this version of Flyway and support has not been tested. The latest supported version of H2 is 2.2.220.
18:38:10.684 [pool-1-thread-1] DEBUG org.flywaydb.core.internal.callback.SqlScriptCallbackFactory -- Scanning for SQL callbacks ...
18:38:10.684 [pool-1-thread-1] DEBUG org.flywaydb.core.internal.scanner.Scanner -- Filtering out resource: db/migration/ (filename: )
18:38:10.687 [pool-1-thread-1] DEBUG org.flywaydb.core.internal.command.DbValidate -- Validating migrations ...
18:38:10.688 [pool-1-thread-1] DEBUG org.flywaydb.core.internal.scanner.Scanner -- Filtering out resource: db/migration/ (filename: )
18:38:10.691 [pool-1-thread-1] DEBUG org.flywaydb.core.internal.scanner.Scanner -- Filtering out resource: db/migration/ (filename: )
18:38:10.692 [pool-1-thread-1] DEBUG org.flywaydb.core.internal.scanner.Scanner -- Filtering out resource: db/migration/V1__Create_tables.sql (filename: V1__Create_tables.sql)
18:38:10.692 [pool-1-thread-1] DEBUG org.flywaydb.core.internal.scanner.Scanner -- Filtering out resource: db/migration/V3__Jar_symbols.sql (filename: V3__Jar_symbols.sql)
18:38:10.692 [pool-1-thread-1] DEBUG org.flywaydb.core.internal.scanner.Scanner -- Filtering out resource: db/migration/V2__Server_discovery.sql (filename: V2__Server_discovery.sql)
18:38:10.692 [pool-1-thread-1] DEBUG org.flywaydb.core.internal.scanner.Scanner -- Filtering out resource: db/migration/V4__Fingerprints.sql (filename: V4__Fingerprints.sql)
18:38:10.692 [pool-1-thread-1] DEBUG org.flywaydb.core.internal.scanner.Scanner -- Filtering out resource: db/migration/ (filename: )
18:38:10.692 [pool-1-thread-1] DEBUG org.flywaydb.core.internal.scanner.Scanner -- Filtering out resource: db/migration/V1__Create_tables.sql (filename: V1__Create_tables.sql)
18:38:10.692 [pool-1-thread-1] DEBUG org.flywaydb.core.internal.scanner.Scanner -- Filtering out resource: db/migration/V3__Jar_symbols.sql (filename: V3__Jar_symbols.sql)
18:38:10.692 [pool-1-thread-1] DEBUG org.flywaydb.core.internal.scanner.Scanner -- Filtering out resource: db/migration/V2__Server_discovery.sql (filename: V2__Server_discovery.sql)
18:38:10.692 [pool-1-thread-1] DEBUG org.flywaydb.core.internal.scanner.Scanner -- Filtering out resource: db/migration/V4__Fingerprints.sql (filename: V4__Fingerprints.sql)
18:38:10.693 [pool-1-thread-1] INFO org.flywaydb.core.internal.schemahistory.JdbcTableSchemaHistory -- Schema history table "PUBLIC"."flyway_schema_history" does not exist yet
18:38:10.694 [pool-1-thread-1] INFO org.flywaydb.core.internal.command.DbValidate -- Successfully validated 4 migrations (execution time 00:00.006s)
18:38:10.695 [pool-1-thread-1] DEBUG org.flywaydb.core.internal.command.DbSchemas -- Skipping creation of existing schema: "PUBLIC"
18:38:10.696 [pool-1-thread-1] INFO org.flywaydb.core.internal.schemahistory.JdbcTableSchemaHistory -- Creating Schema History table "PUBLIC"."flyway_schema_history" ...
18:38:10.697 [pool-1-thread-1] DEBUG org.flywaydb.core.internal.parser.Parser -- Parsing  ...
18:38:10.700 [pool-1-thread-1] DEBUG org.flywaydb.core.internal.sqlscript.ParserSqlScript -- Found statement at line 1: CREATE TABLE IF NOT EXISTS "PUBLIC"."flyway_schema_history" (
    "installed_rank" INT NOT NULL,
    "version" VARCHAR(50),
    "description" VARCHAR(200) NOT NULL,
    "type" VARCHAR(20) NOT NULL,
    "script" VARCHAR(1000) NOT NULL,
    "checksum" INT,
    "installed_by" VARCHAR(100) NOT NULL,
    "installed_on" TIMESTAMP NOT NULL DEFAULT CURRENT_TIMESTAMP,
    "execution_time" INT NOT NULL,
    "success" BOOLEAN NOT NULL,
    CONSTRAINT "flyway_schema_history_pk" PRIMARY KEY ("installed_rank")
) AS SELECT -1, NULL, '<< Flyway Schema History table created >>', 'TABLE', '', NULL, 'SA', CURRENT_TIMESTAMP, 0, TRUE
18:38:10.701 [pool-1-thread-1] DEBUG org.flywaydb.core.internal.sqlscript.ParserSqlScript -- Found statement at line 14: CREATE INDEX "PUBLIC"."flyway_schema_history_s_idx" ON "PUBLIC"."flyway_schema_history" ("success")
18:38:10.701 [pool-1-thread-1] DEBUG org.flywaydb.core.internal.sqlscript.DefaultSqlScriptExecutor -- Executing SQL: CREATE TABLE IF NOT EXISTS "PUBLIC"."flyway_schema_history" (
    "installed_rank" INT NOT NULL,
    "version" VARCHAR(50),
    "description" VARCHAR(200) NOT NULL,
    "type" VARCHAR(20) NOT NULL,
    "script" VARCHAR(1000) NOT NULL,
    "checksum" INT,
    "installed_by" VARCHAR(100) NOT NULL,
    "installed_on" TIMESTAMP NOT NULL DEFAULT CURRENT_TIMESTAMP,
    "execution_time" INT NOT NULL,
    "success" BOOLEAN NOT NULL,
    CONSTRAINT "flyway_schema_history_pk" PRIMARY KEY ("installed_rank")
) AS SELECT -1, NULL, '<< Flyway Schema History table created >>', 'TABLE', '', NULL, 'SA', CURRENT_TIMESTAMP, 0, TRUE
18:38:10.703 [pool-1-thread-1] DEBUG org.flywaydb.core.internal.sqlscript.DefaultSqlScriptExecutor -- 0 rows affected
18:38:10.703 [pool-1-thread-1] DEBUG org.flywaydb.core.internal.sqlscript.DefaultSqlScriptExecutor -- Executing SQL: CREATE INDEX "PUBLIC"."flyway_schema_history_s_idx" ON "PUBLIC"."flyway_schema_history" ("success")
18:38:10.704 [pool-1-thread-1] DEBUG org.flywaydb.core.internal.sqlscript.DefaultSqlScriptExecutor -- 0 rows affected
18:38:10.704 [pool-1-thread-1] DEBUG org.flywaydb.core.internal.schemahistory.JdbcTableSchemaHistory -- Created Schema History table "PUBLIC"."flyway_schema_history"
18:38:10.707 [pool-1-thread-1] INFO org.flywaydb.core.internal.command.DbMigrate -- Current version of schema "PUBLIC": << Empty Schema >>
18:38:10.707 [pool-1-thread-1] DEBUG org.flywaydb.core.internal.parser.Parser -- Parsing V1__Create_tables.sql ...
18:38:10.708 [pool-1-thread-1] DEBUG org.flywaydb.core.internal.sqlscript.ParserSqlScript -- Found statement at line 4: -- The relationship between library dependency sources under .metals/readonly/**
-- and build targets they belong to. Required to know what classpath to use
-- for compiling dependency sources.
create table dependency_source(
  text_document_uri varchar primary key,
  build_target_uri varchar not null
)
18:38:10.708 [pool-1-thread-1] DEBUG org.flywaydb.core.internal.sqlscript.ParserSqlScript -- Found statement at line 12: -- The relationship between library dependency sources under .metals/readonly/**
-- and worksheets they belong to. Required to know what classpath to use
-- for compiling dependency sources.
create table worksheet_dependency_source(
  text_document_uri varchar primary key,
  worksheet_uri varchar not null
)
18:38:10.709 [pool-1-thread-1] DEBUG org.flywaydb.core.internal.sqlscript.ParserSqlScript -- Found statement at line 19: -- The relationship between what library dependency sources under .metals/readonly/**
-- map to which build targets.
create table sbt_digest(
  md5 varchar,
  status tinyint not null,
  when_recorded timestamp
)
18:38:10.709 [pool-1-thread-1] DEBUG org.flywaydb.core.internal.sqlscript.ParserSqlScript -- Found statement at line 27: -- Which window/showMessage and window/showMessageRequest dialogues have been dismissed
-- by the user via "Don't show again" or closed by clicking on "x".
create table dismissed_notification(
  id int,
  when_dismissed timestamp,
  when_expires timestamp
)
18:38:10.709 [pool-1-thread-1] DEBUG org.flywaydb.core.internal.sqlscript.ParserSqlScript -- Found statement at line 34: -- The choice of build tool when multiple build tool files are found in a workspace
create table chosen_build_tool(
  build_tool varchar primary key
)
18:38:10.710 [pool-1-thread-1] DEBUG org.flywaydb.core.internal.command.DbMigrate -- Starting migration of schema "PUBLIC" to version "1 - Create tables" ...
18:38:10.711 [pool-1-thread-1] INFO org.flywaydb.core.internal.command.DbMigrate -- Migrating schema "PUBLIC" to version "1 - Create tables"
18:38:10.711 [pool-1-thread-1] DEBUG org.flywaydb.core.internal.sqlscript.DefaultSqlScriptExecutor -- Executing SQL: -- The relationship between library dependency sources under .metals/readonly/**
-- and build targets they belong to. Required to know what classpath to use
-- for compiling dependency sources.
create table dependency_source(
  text_document_uri varchar primary key,
  build_target_uri varchar not null
)
18:38:10.711 [pool-1-thread-1] DEBUG org.flywaydb.core.internal.sqlscript.DefaultSqlScriptExecutor -- 0 rows affected
18:38:10.711 [pool-1-thread-1] DEBUG org.flywaydb.core.internal.sqlscript.DefaultSqlScriptExecutor -- Executing SQL: -- The relationship between library dependency sources under .metals/readonly/**
-- and worksheets they belong to. Required to know what classpath to use
-- for compiling dependency sources.
create table worksheet_dependency_source(
  text_document_uri varchar primary key,
  worksheet_uri varchar not null
)
18:38:10.712 [pool-1-thread-1] DEBUG org.flywaydb.core.internal.sqlscript.DefaultSqlScriptExecutor -- 0 rows affected
18:38:10.712 [pool-1-thread-1] DEBUG org.flywaydb.core.internal.sqlscript.DefaultSqlScriptExecutor -- Executing SQL: -- The relationship between what library dependency sources under .metals/readonly/**
-- map to which build targets.
create table sbt_digest(
  md5 varchar,
  status tinyint not null,
  when_recorded timestamp
)
18:38:10.712 [pool-1-thread-1] DEBUG org.flywaydb.core.internal.sqlscript.DefaultSqlScriptExecutor -- 0 rows affected
18:38:10.712 [pool-1-thread-1] DEBUG org.flywaydb.core.internal.sqlscript.DefaultSqlScriptExecutor -- Executing SQL: -- Which window/showMessage and window/showMessageRequest dialogues have been dismissed
-- by the user via "Don't show again" or closed by clicking on "x".
create table dismissed_notification(
  id int,
  when_dismissed timestamp,
  when_expires timestamp
)
18:38:10.713 [pool-1-thread-1] DEBUG org.flywaydb.core.internal.sqlscript.DefaultSqlScriptExecutor -- 0 rows affected
18:38:10.713 [pool-1-thread-1] DEBUG org.flywaydb.core.internal.sqlscript.DefaultSqlScriptExecutor -- Executing SQL: -- The choice of build tool when multiple build tool files are found in a workspace
create table chosen_build_tool(
  build_tool varchar primary key
)
18:38:10.713 [pool-1-thread-1] DEBUG org.flywaydb.core.internal.sqlscript.DefaultSqlScriptExecutor -- 0 rows affected
18:38:10.713 [pool-1-thread-1] DEBUG org.flywaydb.core.internal.command.DbMigrate -- Successfully completed migration of schema "PUBLIC" to version "1 - Create tables"
18:38:10.714 [pool-1-thread-1] DEBUG org.flywaydb.core.internal.schemahistory.JdbcTableSchemaHistory -- Schema History table "PUBLIC"."flyway_schema_history" successfully updated to reflect changes
18:38:10.717 [pool-1-thread-1] DEBUG org.flywaydb.core.internal.parser.Parser -- Parsing V2__Server_discovery.sql ...
18:38:10.718 [pool-1-thread-1] DEBUG org.flywaydb.core.internal.sqlscript.ParserSqlScript -- Found statement at line 4: -- For each unique combination of installed build servers we select one server.
-- The md5 checksum is computed from the names of the installed build servers, and
-- the selected server is the server which the user chose for this workspace.
create table chosen_build_server(
  md5 varchar primary key,
  selected_server varchar,
  when_recorded timestamp
)
18:38:10.718 [pool-1-thread-1] DEBUG org.flywaydb.core.internal.command.DbMigrate -- Starting migration of schema "PUBLIC" to version "2 - Server discovery" ...
18:38:10.718 [pool-1-thread-1] INFO org.flywaydb.core.internal.command.DbMigrate -- Migrating schema "PUBLIC" to version "2 - Server discovery"
18:38:10.718 [pool-1-thread-1] DEBUG org.flywaydb.core.internal.sqlscript.DefaultSqlScriptExecutor -- Executing SQL: -- For each unique combination of installed build servers we select one server.
-- The md5 checksum is computed from the names of the installed build servers, and
-- the selected server is the server which the user chose for this workspace.
create table chosen_build_server(
  md5 varchar primary key,
  selected_server varchar,
  when_recorded timestamp
)
18:38:10.719 [pool-1-thread-1] DEBUG org.flywaydb.core.internal.sqlscript.DefaultSqlScriptExecutor -- 0 rows affected
18:38:10.719 [pool-1-thread-1] DEBUG org.flywaydb.core.internal.command.DbMigrate -- Successfully completed migration of schema "PUBLIC" to version "2 - Server discovery"
18:38:10.719 [pool-1-thread-1] DEBUG org.flywaydb.core.internal.schemahistory.JdbcTableSchemaHistory -- Schema History table "PUBLIC"."flyway_schema_history" successfully updated to reflect changes
18:38:10.720 [pool-1-thread-1] DEBUG org.flywaydb.core.internal.parser.Parser -- Parsing V3__Jar_symbols.sql ...
18:38:10.721 [pool-1-thread-1] DEBUG org.flywaydb.core.internal.sqlscript.ParserSqlScript -- Found statement at line 2: -- Indexed jars, the MD5 digest of path, modified time and size as key
create table indexed_jar(
  id int auto_increment unique,
  md5 varchar primary key
)
18:38:10.721 [pool-1-thread-1] DEBUG org.flywaydb.core.internal.sqlscript.ParserSqlScript -- Found statement at line 7: -- Top Level Symbols per jar, allow for multiple jars with same symbols and paths
create table toplevel_symbol(
  symbol varchar not null,
  path varchar not null,
  jar int,
  foreign key (jar) references indexed_jar (id) on delete cascade,
  primary key (jar, path, symbol)
)
18:38:10.722 [pool-1-thread-1] DEBUG org.flywaydb.core.internal.sqlscript.ParserSqlScript -- Found statement at line 15: -- Create index to speedup lookup of jar symbols
create index toplevel_symbol_jar on toplevel_symbol(jar)
18:38:10.722 [pool-1-thread-1] DEBUG org.flywaydb.core.internal.command.DbMigrate -- Starting migration of schema "PUBLIC" to version "3 - Jar symbols" ...
18:38:10.722 [pool-1-thread-1] INFO org.flywaydb.core.internal.command.DbMigrate -- Migrating schema "PUBLIC" to version "3 - Jar symbols"
18:38:10.722 [pool-1-thread-1] DEBUG org.flywaydb.core.internal.sqlscript.DefaultSqlScriptExecutor -- Executing SQL: -- Indexed jars, the MD5 digest of path, modified time and size as key
create table indexed_jar(
  id int auto_increment unique,
  md5 varchar primary key
)
18:38:10.724 [pool-1-thread-1] DEBUG org.flywaydb.core.internal.sqlscript.DefaultSqlScriptExecutor -- 0 rows affected
18:38:10.724 [pool-1-thread-1] DEBUG org.flywaydb.core.internal.sqlscript.DefaultSqlScriptExecutor -- Executing SQL: -- Top Level Symbols per jar, allow for multiple jars with same symbols and paths
create table toplevel_symbol(
  symbol varchar not null,
  path varchar not null,
  jar int,
  foreign key (jar) references indexed_jar (id) on delete cascade,
  primary key (jar, path, symbol)
)
18:38:10.726 [pool-1-thread-1] DEBUG org.flywaydb.core.internal.sqlscript.DefaultSqlScriptExecutor -- 0 rows affected
18:38:10.726 [pool-1-thread-1] DEBUG org.flywaydb.core.internal.sqlscript.DefaultSqlScriptExecutor -- Executing SQL: -- Create index to speedup lookup of jar symbols
create index toplevel_symbol_jar on toplevel_symbol(jar)
18:38:10.726 [pool-1-thread-1] DEBUG org.flywaydb.core.internal.sqlscript.DefaultSqlScriptExecutor -- 0 rows affected
18:38:10.726 [pool-1-thread-1] DEBUG org.flywaydb.core.internal.command.DbMigrate -- Successfully completed migration of schema "PUBLIC" to version "3 - Jar symbols"
18:38:10.727 [pool-1-thread-1] DEBUG org.flywaydb.core.internal.schemahistory.JdbcTableSchemaHistory -- Schema History table "PUBLIC"."flyway_schema_history" successfully updated to reflect changes
18:38:10.728 [pool-1-thread-1] DEBUG org.flywaydb.core.internal.parser.Parser -- Parsing V4__Fingerprints.sql ...
18:38:10.729 [pool-1-thread-1] DEBUG org.flywaydb.core.internal.sqlscript.ParserSqlScript -- Found statement at line 2: -- Fingerprints saved between invocations
create table fingerprints(
  path varchar not null,
  text varchar not null,
  md5 varchar not null,
  id int auto_increment unique
)
18:38:10.729 [pool-1-thread-1] DEBUG org.flywaydb.core.internal.command.DbMigrate -- Starting migration of schema "PUBLIC" to version "4 - Fingerprints" ...
18:38:10.729 [pool-1-thread-1] INFO org.flywaydb.core.internal.command.DbMigrate -- Migrating schema "PUBLIC" to version "4 - Fingerprints"
18:38:10.729 [pool-1-thread-1] DEBUG org.flywaydb.core.internal.sqlscript.DefaultSqlScriptExecutor -- Executing SQL: -- Fingerprints saved between invocations
create table fingerprints(
  path varchar not null,
  text varchar not null,
  md5 varchar not null,
  id int auto_increment unique
)
18:38:10.730 [pool-1-thread-1] DEBUG org.flywaydb.core.internal.sqlscript.DefaultSqlScriptExecutor -- 0 rows affected
18:38:10.730 [pool-1-thread-1] DEBUG org.flywaydb.core.internal.command.DbMigrate -- Successfully completed migration of schema "PUBLIC" to version "4 - Fingerprints"
18:38:10.731 [pool-1-thread-1] DEBUG org.flywaydb.core.internal.schemahistory.JdbcTableSchemaHistory -- Schema History table "PUBLIC"."flyway_schema_history" successfully updated to reflect changes
18:38:10.733 [pool-1-thread-1] INFO org.flywaydb.core.internal.command.DbMigrate -- Successfully applied 4 migrations to schema "PUBLIC", now at version v4 (execution time 00:00.007s)
18:38:10.741 [pool-1-thread-1] DEBUG org.flywaydb.core.FlywayExecutor -- Memory usage: 35 of 104M
Mar 09, 2024 6:38:10 PM org.eclipse.lsp4j.jsonrpc.RemoteEndpoint fallbackResponseError
SEVERE: Internal error: scala.meta.internal.metals.debug.BuildTargetNotFoundForPathException: No build target could be found for the path: /Users/benlandrette/ccode/multi-language-practice/command-line-tool/golang-part2/main.go
java.util.concurrent.CompletionException: scala.meta.internal.metals.debug.BuildTargetNotFoundForPathException: No build target could be found for the path: /Users/benlandrette/ccode/multi-language-practice/command-line-tool/golang-part2/main.go
	at java.base/java.util.concurrent.CompletableFuture.encodeThrowable(CompletableFuture.java:332)
	at java.base/java.util.concurrent.CompletableFuture.uniAcceptNow(CompletableFuture.java:747)
	at java.base/java.util.concurrent.CompletableFuture.uniAcceptStage(CompletableFuture.java:735)
	at java.base/java.util.concurrent.CompletableFuture.thenAcceptAsync(CompletableFuture.java:2218)
	at scala.concurrent.java8.FuturesConvertersImpl$CF.thenAccept(FutureConvertersImpl.scala:37)
	at org.eclipse.lsp4j.jsonrpc.RemoteEndpoint.handleRequest(RemoteEndpoint.java:279)
	at org.eclipse.lsp4j.jsonrpc.RemoteEndpoint.consume(RemoteEndpoint.java:190)
	at org.eclipse.lsp4j.jsonrpc.json.StreamMessageProducer.handleMessage(StreamMessageProducer.java:194)
	at org.eclipse.lsp4j.jsonrpc.json.StreamMessageProducer.listen(StreamMessageProducer.java:94)
	at org.eclipse.lsp4j.jsonrpc.json.ConcurrentMessageProcessor.run(ConcurrentMessageProcessor.java:113)
	at java.base/java.util.concurrent.Executors$RunnableAdapter.call(Executors.java:577)
	at java.base/java.util.concurrent.FutureTask.run(FutureTask.java:317)
	at java.base/java.util.concurrent.ThreadPoolExecutor.runWorker(ThreadPoolExecutor.java:1144)
	at java.base/java.util.concurrent.ThreadPoolExecutor$Worker.run(ThreadPoolExecutor.java:642)
	at java.base/java.lang.Thread.run(Thread.java:1623)
Caused by: scala.meta.internal.metals.debug.BuildTargetNotFoundForPathException: No build target could be found for the path: /Users/benlandrette/ccode/multi-language-practice/command-line-tool/golang-part2/main.go
	at scala.meta.internal.metals.debug.DebugProvider.debugDiscovery(DebugProvider.scala:576)
	at scala.meta.internal.metals.debug.DebugProvider.runCommandDiscovery(DebugProvider.scala:520)
	at scala.meta.internal.metals.MetalsLspService.discoverMainClasses(MetalsLspService.scala:1776)
	at scala.meta.internal.metals.WorkspaceLspService.executeCommand(WorkspaceLspService.scala:719)
	at scala.meta.metals.lsp.DelegatingScalaService.executeCommand(DelegatingScalaService.scala:169)
	at java.base/jdk.internal.reflect.DirectMethodHandleAccessor.invoke(DirectMethodHandleAccessor.java:104)
	at java.base/java.lang.reflect.Method.invoke(Method.java:578)
	at org.eclipse.lsp4j.jsonrpc.services.GenericEndpoint.lambda$null$0(GenericEndpoint.java:65)
	at org.eclipse.lsp4j.jsonrpc.services.GenericEndpoint.request(GenericEndpoint.java:120)
	at org.eclipse.lsp4j.jsonrpc.RemoteEndpoint.handleRequest(RemoteEndpoint.java:261)
	... 9 more

Mar 09, 2024 7:19:37 PM org.eclipse.lsp4j.jsonrpc.services.GenericEndpoint notify
INFO: Unsupported notification method: $/setTrace
2024.03.09 19:22:05 INFO  Shutting down server[0m
2024.03.09 19:22:05 INFO  shutting down Metals[0m
2024.03.09 19:22:05 INFO  Exiting server[0m
2024.03.15 18:02:49 INFO  Started: Metals version 1.2.2 in folders '/Users/benlandrette/ccode/multi-language-practice/more-advanced/command-line-tool' for client Visual Studio Code 1.87.2.[0m
18:02:49.905 [pool-1-thread-1] INFO org.flywaydb.core.internal.license.VersionPrinter -- Flyway Community Edition 9.22.3 by Redgate
18:02:49.906 [pool-1-thread-1] INFO org.flywaydb.core.internal.license.VersionPrinter -- See release notes here: https://rd.gt/416ObMi
18:02:49.906 [pool-1-thread-1] INFO org.flywaydb.core.internal.license.VersionPrinter -- 
18:02:49.907 [pool-1-thread-1] DEBUG org.flywaydb.core.internal.scanner.classpath.ClassPathScanner -- Scanning for classpath resources at 'classpath:db/callback' ...
18:02:49.907 [pool-1-thread-1] DEBUG org.flywaydb.core.internal.scanner.classpath.ClassPathScanner -- Determining location urls for classpath:db/callback using ClassLoader jdk.internal.loader.ClassLoaders$AppClassLoader@7e32c033 ...
18:02:49.907 [pool-1-thread-1] DEBUG org.flywaydb.core.internal.scanner.classpath.ClassPathScanner -- Unable to resolve location classpath:db/callback.
18:02:49.907 [pool-1-thread-1] DEBUG org.flywaydb.core.internal.scanner.classpath.ClassPathScanner -- Scanning for classpath resources at 'classpath:db/migration' ...
18:02:49.907 [pool-1-thread-1] DEBUG org.flywaydb.core.internal.scanner.classpath.ClassPathScanner -- Determining location urls for classpath:db/migration using ClassLoader jdk.internal.loader.ClassLoaders$AppClassLoader@7e32c033 ...
18:02:49.908 [pool-1-thread-1] DEBUG org.flywaydb.core.internal.scanner.classpath.ClassPathScanner -- Scanning URL: jar:file:/Users/benlandrette/Library/Caches/Coursier/v1/https/repo1.maven.org/maven2/org/scalameta/metals_2.13/1.2.2/metals_2.13-1.2.2.jar!/db/migration
18:02:49.909 [pool-1-thread-1] DEBUG org.flywaydb.core.internal.scanner.classpath.ClassPathScanner -- Found resource: db/migration/
18:02:49.909 [pool-1-thread-1] DEBUG org.flywaydb.core.internal.scanner.classpath.ClassPathScanner -- Found resource: db/migration/V1__Create_tables.sql
18:02:49.909 [pool-1-thread-1] DEBUG org.flywaydb.core.internal.scanner.classpath.ClassPathScanner -- Found resource: db/migration/V2__Server_discovery.sql
18:02:49.909 [pool-1-thread-1] DEBUG org.flywaydb.core.internal.scanner.classpath.ClassPathScanner -- Found resource: db/migration/V3__Jar_symbols.sql
18:02:49.909 [pool-1-thread-1] DEBUG org.flywaydb.core.internal.scanner.classpath.ClassPathScanner -- Found resource: db/migration/V4__Fingerprints.sql
18:02:49.909 [pool-1-thread-1] DEBUG org.flywaydb.core.internal.scanner.classpath.ClassPathScanner -- Scanning for classes at classpath:db/migration
18:02:49.911 [pool-1-thread-1] DEBUG org.flywaydb.core.internal.scanner.Scanner -- Filtering out resource: db/migration/ (filename: )
18:02:49.911 [pool-1-thread-1] DEBUG org.flywaydb.core.internal.resource.ResourceNameValidator -- Validating V1__Create_tables.sql
18:02:49.911 [pool-1-thread-1] DEBUG org.flywaydb.core.internal.resource.ResourceNameValidator -- Validating V3__Jar_symbols.sql
18:02:49.911 [pool-1-thread-1] DEBUG org.flywaydb.core.internal.resource.ResourceNameValidator -- Validating V2__Server_discovery.sql
18:02:49.911 [pool-1-thread-1] DEBUG org.flywaydb.core.internal.resource.ResourceNameValidator -- Validating V4__Fingerprints.sql
18:02:49.964 [pool-1-thread-1] INFO org.flywaydb.core.FlywayExecutor -- Database: jdbc:h2:file:/Users/benlandrette/ccode/multi-language-practice/more-advanced/command-line-tool/.metals/metals (H2 2.2)
18:02:49.964 [pool-1-thread-1] DEBUG org.flywaydb.core.FlywayExecutor -- Driver: H2 JDBC Driver 2.2.224 (2023-09-17)
18:02:49.964 [pool-1-thread-1] DEBUG org.flywaydb.core.FlywayExecutor -- DDL Transactions Supported: false
18:02:49.965 [pool-1-thread-1] DEBUG org.flywaydb.core.internal.schemahistory.SchemaHistoryFactory -- Schemas: 
18:02:49.966 [pool-1-thread-1] DEBUG org.flywaydb.core.internal.schemahistory.SchemaHistoryFactory -- Default schema: null
18:02:49.969 [pool-1-thread-1] WARN org.flywaydb.core.internal.database.base.Database -- Flyway upgrade recommended: H2 2.2.224 is newer than this version of Flyway and support has not been tested. The latest supported version of H2 is 2.2.220.
18:02:49.970 [pool-1-thread-1] DEBUG org.flywaydb.core.internal.callback.SqlScriptCallbackFactory -- Scanning for SQL callbacks ...
18:02:49.970 [pool-1-thread-1] DEBUG org.flywaydb.core.internal.scanner.Scanner -- Filtering out resource: db/migration/ (filename: )
18:02:49.975 [pool-1-thread-1] DEBUG org.flywaydb.core.internal.command.DbValidate -- Validating migrations ...
18:02:49.977 [pool-1-thread-1] DEBUG org.flywaydb.core.internal.scanner.Scanner -- Filtering out resource: db/migration/ (filename: )
18:02:49.981 [pool-1-thread-1] DEBUG org.flywaydb.core.internal.scanner.Scanner -- Filtering out resource: db/migration/ (filename: )
18:02:49.982 [pool-1-thread-1] DEBUG org.flywaydb.core.internal.scanner.Scanner -- Filtering out resource: db/migration/V1__Create_tables.sql (filename: V1__Create_tables.sql)
18:02:49.982 [pool-1-thread-1] DEBUG org.flywaydb.core.internal.scanner.Scanner -- Filtering out resource: db/migration/V3__Jar_symbols.sql (filename: V3__Jar_symbols.sql)
18:02:49.982 [pool-1-thread-1] DEBUG org.flywaydb.core.internal.scanner.Scanner -- Filtering out resource: db/migration/V2__Server_discovery.sql (filename: V2__Server_discovery.sql)
18:02:49.982 [pool-1-thread-1] DEBUG org.flywaydb.core.internal.scanner.Scanner -- Filtering out resource: db/migration/V4__Fingerprints.sql (filename: V4__Fingerprints.sql)
18:02:49.982 [pool-1-thread-1] DEBUG org.flywaydb.core.internal.scanner.Scanner -- Filtering out resource: db/migration/ (filename: )
18:02:49.982 [pool-1-thread-1] DEBUG org.flywaydb.core.internal.scanner.Scanner -- Filtering out resource: db/migration/V1__Create_tables.sql (filename: V1__Create_tables.sql)
18:02:49.982 [pool-1-thread-1] DEBUG org.flywaydb.core.internal.scanner.Scanner -- Filtering out resource: db/migration/V3__Jar_symbols.sql (filename: V3__Jar_symbols.sql)
18:02:49.982 [pool-1-thread-1] DEBUG org.flywaydb.core.internal.scanner.Scanner -- Filtering out resource: db/migration/V2__Server_discovery.sql (filename: V2__Server_discovery.sql)
18:02:49.982 [pool-1-thread-1] DEBUG org.flywaydb.core.internal.scanner.Scanner -- Filtering out resource: db/migration/V4__Fingerprints.sql (filename: V4__Fingerprints.sql)
18:02:49.987 [pool-1-thread-1] INFO org.flywaydb.core.internal.command.DbValidate -- Successfully validated 4 migrations (execution time 00:00.012s)
18:02:49.988 [pool-1-thread-1] DEBUG org.flywaydb.core.internal.command.DbSchemas -- Skipping creation of existing schema: "PUBLIC"
18:02:49.991 [pool-1-thread-1] INFO org.flywaydb.core.internal.command.DbMigrate -- Current version of schema "PUBLIC": 4
18:02:49.993 [pool-1-thread-1] INFO org.flywaydb.core.internal.command.DbMigrate -- Schema "PUBLIC" is up to date. No migration necessary.
18:02:50.206 [pool-1-thread-1] DEBUG org.flywaydb.core.FlywayExecutor -- Memory usage: 36 of 104M
Mar 15, 2024 6:02:50 PM org.eclipse.lsp4j.jsonrpc.RemoteEndpoint handleCancellation
WARNING: Unmatched cancel notification for request id 2
Mar 15, 2024 6:02:50 PM org.eclipse.lsp4j.jsonrpc.RemoteEndpoint handleCancellation
WARNING: Unmatched cancel notification for request id 1
Mar 15, 2024 6:02:50 PM org.eclipse.lsp4j.jsonrpc.RemoteEndpoint handleCancellation
WARNING: Unmatched cancel notification for request id 3
2024.03.15 18:02:53 INFO  no build target found for /Users/benlandrette/ccode/multi-language-practice/more-advanced/command-line-tool/scala/src/main/scala/Notebook.scala. Using presentation compiler with project's scala-library version: 3.3.1[0m
Mar 15, 2024 6:03:51 PM org.eclipse.lsp4j.jsonrpc.RemoteEndpoint handleCancellation
WARNING: Unmatched cancel notification for request id 62
Mar 15, 2024 6:04:06 PM org.eclipse.lsp4j.jsonrpc.RemoteEndpoint handleCancellation
WARNING: Unmatched cancel notification for request id 95
Mar 15, 2024 6:04:16 PM org.eclipse.lsp4j.jsonrpc.RemoteEndpoint handleCancellation
WARNING: Unmatched cancel notification for request id 127
Mar 15, 2024 6:04:19 PM org.eclipse.lsp4j.jsonrpc.RemoteEndpoint handleCancellation
WARNING: Unmatched cancel notification for request id 141
Mar 15, 2024 6:04:22 PM org.eclipse.lsp4j.jsonrpc.RemoteEndpoint handleCancellation
WARNING: Unmatched cancel notification for request id 155
Mar 15, 2024 6:04:22 PM org.eclipse.lsp4j.jsonrpc.RemoteEndpoint handleCancellation
WARNING: Unmatched cancel notification for request id 157
Mar 15, 2024 6:04:33 PM org.eclipse.lsp4j.jsonrpc.RemoteEndpoint handleCancellation
WARNING: Unmatched cancel notification for request id 169
2024.03.15 18:05:36 WARN  no build target for: /Users/benlandrette/ccode/multi-language-practice/more-advanced/command-line-tool/scala/src/main/scala/Notebook.scala[0m
Mar 15, 2024 6:05:44 PM org.eclipse.lsp4j.jsonrpc.RemoteEndpoint handleCancellation
WARNING: Unmatched cancel notification for request id 219
2024.03.15 18:06:53 WARN  no build target for: /Users/benlandrette/ccode/multi-language-practice/more-advanced/command-line-tool/scala/src/main/scala/Notebook.scala[0m
2024.03.15 18:06:54 WARN  no build target for: /Users/benlandrette/ccode/multi-language-practice/more-advanced/command-line-tool/scala/src/main/scala/Notebook.scala[0m
2024.03.15 18:06:57 WARN  no build target for: /Users/benlandrette/ccode/multi-language-practice/more-advanced/command-line-tool/scala/src/main/scala/Notebook.scala[0m
Mar 15, 2024 6:07:16 PM org.eclipse.lsp4j.jsonrpc.RemoteEndpoint handleCancellation
WARNING: Unmatched cancel notification for request id 538
Mar 15, 2024 6:07:22 PM org.eclipse.lsp4j.jsonrpc.RemoteEndpoint handleCancellation
WARNING: Unmatched cancel notification for request id 546
2024.03.15 18:07:56 WARN  no build target for: /Users/benlandrette/ccode/multi-language-practice/more-advanced/command-line-tool/scala/src/main/scala/Notebook.scala[0m
2024.03.15 18:07:57 WARN  no build target for: /Users/benlandrette/ccode/multi-language-practice/more-advanced/command-line-tool/scala/src/main/scala/Notebook.scala[0m
2024.03.15 18:07:59 WARN  no build target for: /Users/benlandrette/ccode/multi-language-practice/more-advanced/command-line-tool/scala/src/main/scala/Notebook.scala[0m
2024.03.15 18:08:05 INFO  Detected new build tool in /Users/benlandrette/ccode/multi-language-practice/more-advanced/command-line-tool[0m
2024.03.15 18:08:05 WARN  Build server is not auto-connectable.[0m
2024.03.15 18:08:22 WARN  no build target for: /Users/benlandrette/ccode/multi-language-practice/more-advanced/command-line-tool/scala/src/main/scala/Notebook.scala[0m
2024.03.15 18:08:26 WARN  no build target for: /Users/benlandrette/ccode/multi-language-practice/more-advanced/command-line-tool/scala/src/main/scala/Notebook.scala[0m
2024.03.15 18:09:00 WARN  no build target for: /Users/benlandrette/ccode/multi-language-practice/more-advanced/command-line-tool/scala/src/main/scala/Notebook.scala[0m
2024.03.15 18:09:01 WARN  no build target for: /Users/benlandrette/ccode/multi-language-practice/more-advanced/command-line-tool/scala/src/main/scala/Notebook.scala[0m
2024.03.15 18:09:19 WARN  no build target for: /Users/benlandrette/ccode/multi-language-practice/more-advanced/command-line-tool/scala/src/main/scala/Notebook.scala[0m
Mar 15, 2024 6:10:08 PM org.eclipse.lsp4j.jsonrpc.RemoteEndpoint handleCancellation
WARNING: Unmatched cancel notification for request id 816
2024.03.15 18:10:26 WARN  no build target for: /Users/benlandrette/ccode/multi-language-practice/more-advanced/command-line-tool/scala/src/main/scala/Notebook.scala[0m
2024.03.15 18:10:37 WARN  no build target for: /Users/benlandrette/ccode/multi-language-practice/more-advanced/command-line-tool/scala/src/main/scala/Notebook.scala[0m
2024.03.15 18:11:10 WARN  no build target for: /Users/benlandrette/ccode/multi-language-practice/more-advanced/command-line-tool/scala/src/main/scala/Notebook.scala[0m
2024.03.15 18:12:44 WARN  no build target for: /Users/benlandrette/ccode/multi-language-practice/more-advanced/command-line-tool/scala/src/main/scala/Notebook.scala[0m
2024.03.15 18:13:06 WARN  no build target for: /Users/benlandrette/ccode/multi-language-practice/more-advanced/command-line-tool/scala/src/main/scala/Notebook.scala[0m
2024.03.15 18:13:14 WARN  no build target for: /Users/benlandrette/ccode/multi-language-practice/more-advanced/command-line-tool/scala/src/main/scala/Notebook.scala[0m
2024.03.15 18:13:22 WARN  no build target for: /Users/benlandrette/ccode/multi-language-practice/more-advanced/command-line-tool/scala/src/main/scala/Notebook.scala[0m
2024.03.15 18:13:23 WARN  no build target for: /Users/benlandrette/ccode/multi-language-practice/more-advanced/command-line-tool/scala/src/main/scala/Notebook.scala[0m
2024.03.15 18:13:42 WARN  no build target for: /Users/benlandrette/ccode/multi-language-practice/more-advanced/command-line-tool/scala/src/main/scala/Notebook.scala[0m
2024.03.15 18:13:52 WARN  no build target for: /Users/benlandrette/ccode/multi-language-practice/more-advanced/command-line-tool/scala/src/main/scala/Notebook.scala[0m
2024.03.15 18:14:49 WARN  no build target for: /Users/benlandrette/ccode/multi-language-practice/more-advanced/command-line-tool/scala/src/main/scala/Notebook.scala[0m
2024.03.15 18:14:49 WARN  no build target for: /Users/benlandrette/ccode/multi-language-practice/more-advanced/command-line-tool/scala/src/main/scala/Notebook.scala[0m
Mar 15, 2024 6:15:32 PM org.eclipse.lsp4j.jsonrpc.RemoteEndpoint handleCancellation
WARNING: Unmatched cancel notification for request id 1387
Mar 15, 2024 6:15:37 PM org.eclipse.lsp4j.jsonrpc.RemoteEndpoint handleCancellation
WARNING: Unmatched cancel notification for request id 1446
Mar 15, 2024 6:15:41 PM org.eclipse.lsp4j.jsonrpc.RemoteEndpoint handleCancellation
WARNING: Unmatched cancel notification for request id 1485
2024.03.15 18:16:04 WARN  no build target for: /Users/benlandrette/ccode/multi-language-practice/more-advanced/command-line-tool/scala/src/main/scala/Notebook.scala[0m
Mar 15, 2024 6:16:12 PM org.eclipse.lsp4j.jsonrpc.RemoteEndpoint handleCancellation
WARNING: Unmatched cancel notification for request id 1580
Mar 15, 2024 6:16:26 PM org.eclipse.lsp4j.jsonrpc.RemoteEndpoint handleCancellation
WARNING: Unmatched cancel notification for request id 1592
Mar 15, 2024 6:16:28 PM org.eclipse.lsp4j.jsonrpc.RemoteEndpoint handleCancellation
WARNING: Unmatched cancel notification for request id 1606
Mar 15, 2024 6:16:30 PM org.eclipse.lsp4j.jsonrpc.RemoteEndpoint handleCancellation
WARNING: Unmatched cancel notification for request id 1613
2024.03.15 18:17:13 WARN  no build target for: /Users/benlandrette/ccode/multi-language-practice/more-advanced/command-line-tool/scala/src/main/scala/Notebook.scala[0m
2024.03.15 18:17:31 WARN  no build target for: /Users/benlandrette/ccode/multi-language-practice/more-advanced/command-line-tool/scala/src/main/scala/Notebook.scala[0m
2024.03.15 18:17:37 WARN  no build target for: /Users/benlandrette/ccode/multi-language-practice/more-advanced/command-line-tool/scala/src/main/scala/Notebook.scala[0m
2024.03.15 18:18:20 WARN  no build target for: /Users/benlandrette/ccode/multi-language-practice/more-advanced/command-line-tool/scala/src/main/scala/Notebook.scala[0m
2024.03.15 18:18:21 WARN  no build target for: /Users/benlandrette/ccode/multi-language-practice/more-advanced/command-line-tool/scala/src/main/scala/Notebook.scala[0m
Mar 15, 2024 6:18:25 PM org.eclipse.lsp4j.jsonrpc.RemoteEndpoint handleCancellation
WARNING: Unmatched cancel notification for request id 2053
2024.03.15 18:18:28 WARN  no build target for: /Users/benlandrette/ccode/multi-language-practice/more-advanced/command-line-tool/scala/src/main/scala/Notebook.scala[0m
2024.03.15 18:18:29 WARN  no build target for: /Users/benlandrette/ccode/multi-language-practice/more-advanced/command-line-tool/scala/src/main/scala/Notebook.scala[0m
2024.03.15 18:18:30 WARN  no build target for: /Users/benlandrette/ccode/multi-language-practice/more-advanced/command-line-tool/scala/src/main/scala/Notebook.scala[0m
2024.03.15 18:18:34 WARN  no build target for: /Users/benlandrette/ccode/multi-language-practice/more-advanced/command-line-tool/scala/src/main/scala/Notebook.scala[0m
2024.03.15 18:18:35 WARN  no build target for: /Users/benlandrette/ccode/multi-language-practice/more-advanced/command-line-tool/scala/src/main/scala/Notebook.scala[0m
2024.03.15 18:18:57 WARN  no build target for: /Users/benlandrette/ccode/multi-language-practice/more-advanced/command-line-tool/scala/src/main/scala/Notebook.scala[0m
2024.03.15 18:19:04 INFO  Detected new build tool in /Users/benlandrette/ccode/multi-language-practice/more-advanced/command-line-tool[0m
2024.03.15 18:19:04 WARN  Build server is not auto-connectable.[0m
Mar 15, 2024 6:20:51 PM org.eclipse.lsp4j.jsonrpc.RemoteEndpoint handleCancellation
WARNING: Unmatched cancel notification for request id 2327
2024.03.15 18:21:03 WARN  no build target for: /Users/benlandrette/ccode/multi-language-practice/more-advanced/command-line-tool/scala/src/main/scala/Notebook.scala[0m
Mar 15, 2024 6:21:05 PM org.eclipse.lsp4j.jsonrpc.RemoteEndpoint handleCancellation
WARNING: Unmatched cancel notification for request id 2404
Mar 15, 2024 6:21:18 PM org.eclipse.lsp4j.jsonrpc.RemoteEndpoint handleCancellation
WARNING: Unmatched cancel notification for request id 2486
Mar 15, 2024 6:21:26 PM org.eclipse.lsp4j.jsonrpc.RemoteEndpoint handleCancellation
WARNING: Unmatched cancel notification for request id 2526
2024.03.15 18:21:26 WARN  no build target for: /Users/benlandrette/ccode/multi-language-practice/more-advanced/command-line-tool/scala/src/main/scala/Notebook.scala[0m
2024.03.15 18:21:26 WARN  no build target for: /Users/benlandrette/ccode/multi-language-practice/more-advanced/command-line-tool/scala/src/main/scala/Notebook.scala[0m
2024.03.15 18:21:30 WARN  no build target for: /Users/benlandrette/ccode/multi-language-practice/more-advanced/command-line-tool/scala/src/main/scala/Notebook.scala[0m
2024.03.15 18:21:34 WARN  no build target for: /Users/benlandrette/ccode/multi-language-practice/more-advanced/command-line-tool/scala/src/main/scala/Notebook.scala[0m
2024.03.15 18:21:36 WARN  no build target for: /Users/benlandrette/ccode/multi-language-practice/more-advanced/command-line-tool/scala/src/main/scala/Notebook.scala[0m
Mar 15, 2024 6:21:49 PM org.eclipse.lsp4j.jsonrpc.RemoteEndpoint handleCancellation
WARNING: Unmatched cancel notification for request id 2602
2024.03.15 18:21:53 WARN  no build target for: /Users/benlandrette/ccode/multi-language-practice/more-advanced/command-line-tool/scala/src/main/scala/User.scala[0m
2024.03.15 18:21:54 WARN  no build target for: /Users/benlandrette/ccode/multi-language-practice/more-advanced/command-line-tool/scala/src/main/scala/User.scala[0m
Mar 15, 2024 6:22:03 PM org.eclipse.lsp4j.jsonrpc.RemoteEndpoint handleCancellation
WARNING: Unmatched cancel notification for request id 2651
2024.03.15 18:22:09 WARN  no build target for: /Users/benlandrette/ccode/multi-language-practice/more-advanced/command-line-tool/scala/src/main/scala/Notebook.scala[0m
Mar 15, 2024 6:22:52 PM org.eclipse.lsp4j.jsonrpc.RemoteEndpoint handleCancellation
WARNING: Unmatched cancel notification for request id 2696
2024.03.15 18:22:57 WARN  no build target for: /Users/benlandrette/ccode/multi-language-practice/more-advanced/command-line-tool/scala/src/main/scala/Notebook.scala[0m
Mar 15, 2024 6:23:03 PM org.eclipse.lsp4j.jsonrpc.RemoteEndpoint handleCancellation
WARNING: Unmatched cancel notification for request id 2738
2024.03.15 18:23:04 WARN  no build target for: /Users/benlandrette/ccode/multi-language-practice/more-advanced/command-line-tool/scala/src/main/scala/Notebook.scala[0m
2024.03.15 18:23:51 WARN  no build target for: /Users/benlandrette/ccode/multi-language-practice/more-advanced/command-line-tool/scala/src/main/scala/Notebook.scala[0m
2024.03.15 18:25:08 WARN  no build target for: /Users/benlandrette/ccode/multi-language-practice/more-advanced/command-line-tool/scala/src/main/scala/Notebook.scala[0m
2024.03.15 18:25:16 WARN  no build target for: /Users/benlandrette/ccode/multi-language-practice/more-advanced/command-line-tool/scala/src/main/scala/Notebook.scala[0m
Mar 15, 2024 6:25:17 PM org.eclipse.lsp4j.jsonrpc.RemoteEndpoint handleCancellation
WARNING: Unmatched cancel notification for request id 2780
2024.03.15 18:25:17 WARN  no build target for: /Users/benlandrette/ccode/multi-language-practice/more-advanced/command-line-tool/scala/src/main/scala/Notebook.scala[0m
2024.03.15 18:25:18 WARN  no build target for: /Users/benlandrette/ccode/multi-language-practice/more-advanced/command-line-tool/scala/src/main/scala/Notebook.scala[0m
Mar 15, 2024 6:25:31 PM org.eclipse.lsp4j.jsonrpc.RemoteEndpoint handleCancellation
WARNING: Unmatched cancel notification for request id 2790
2024.03.15 18:25:46 WARN  no build target for: /Users/benlandrette/ccode/multi-language-practice/more-advanced/command-line-tool/scala/src/main/scala/User.scala[0m
Mar 15, 2024 6:27:06 PM org.eclipse.lsp4j.jsonrpc.RemoteEndpoint handleCancellation
WARNING: Unmatched cancel notification for request id 2851
Mar 15, 2024 6:27:08 PM org.eclipse.lsp4j.jsonrpc.RemoteEndpoint handleCancellation
WARNING: Unmatched cancel notification for request id 2858
Mar 15, 2024 6:29:40 PM org.eclipse.lsp4j.jsonrpc.RemoteEndpoint handleCancellation
WARNING: Unmatched cancel notification for request id 3613
Mar 15, 2024 6:30:16 PM org.eclipse.lsp4j.jsonrpc.RemoteEndpoint handleCancellation
WARNING: Unmatched cancel notification for request id 3723
2024.03.15 18:30:38 WARN  no build target for: /Users/benlandrette/ccode/multi-language-practice/more-advanced/command-line-tool/scala/src/main/scala/User.scala[0m
2024.03.15 18:30:39 WARN  no build target for: /Users/benlandrette/ccode/multi-language-practice/more-advanced/command-line-tool/scala/src/main/scala/User.scala[0m
Mar 15, 2024 6:30:41 PM org.eclipse.lsp4j.jsonrpc.RemoteEndpoint handleCancellation
WARNING: Unmatched cancel notification for request id 3912
2024.03.15 18:30:44 WARN  no build target for: /Users/benlandrette/ccode/multi-language-practice/more-advanced/command-line-tool/scala/src/main/scala/User.scala[0m
2024.03.15 18:30:55 WARN  no build target for: /Users/benlandrette/ccode/multi-language-practice/more-advanced/command-line-tool/scala/src/main/scala/User.scala[0m
2024.03.15 18:30:56 WARN  no build target for: /Users/benlandrette/ccode/multi-language-practice/more-advanced/command-line-tool/scala/src/main/scala/User.scala[0m
2024.03.15 18:31:01 WARN  no build target for: /Users/benlandrette/ccode/multi-language-practice/more-advanced/command-line-tool/scala/src/main/scala/User.scala[0m
Mar 15, 2024 6:31:21 PM org.eclipse.lsp4j.jsonrpc.RemoteEndpoint handleCancellation
WARNING: Unmatched cancel notification for request id 3963
2024.03.15 18:31:35 WARN  no build target for: /Users/benlandrette/ccode/multi-language-practice/more-advanced/command-line-tool/scala/src/main/scala/User.scala[0m
2024.03.15 18:31:45 WARN  no build target for: /Users/benlandrette/ccode/multi-language-practice/more-advanced/command-line-tool/scala/src/main/scala/User.scala[0m
2024.03.15 18:31:46 WARN  no build target for: /Users/benlandrette/ccode/multi-language-practice/more-advanced/command-line-tool/scala/src/main/scala/User.scala[0m
2024.03.15 18:33:02 WARN  no build target for: /Users/benlandrette/ccode/multi-language-practice/more-advanced/command-line-tool/scala/src/main/scala/User.scala[0m
2024.03.15 18:33:04 WARN  no build target for: /Users/benlandrette/ccode/multi-language-practice/more-advanced/command-line-tool/scala/src/main/scala/User.scala[0m
2024.03.15 18:33:07 WARN  no build target for: /Users/benlandrette/ccode/multi-language-practice/more-advanced/command-line-tool/scala/src/main/scala/User.scala[0m
2024.03.15 18:33:24 WARN  no build target for: /Users/benlandrette/ccode/multi-language-practice/more-advanced/command-line-tool/scala/src/main/scala/User.scala[0m
Mar 15, 2024 6:33:25 PM org.eclipse.lsp4j.jsonrpc.RemoteEndpoint handleCancellation
WARNING: Unmatched cancel notification for request id 4167
2024.03.15 18:33:35 WARN  no build target for: /Users/benlandrette/ccode/multi-language-practice/more-advanced/command-line-tool/scala/src/main/scala/User.scala[0m
2024.03.15 18:34:28 WARN  no build target for: /Users/benlandrette/ccode/multi-language-practice/more-advanced/command-line-tool/scala/src/main/scala/User.scala[0m
2024.03.15 18:34:31 WARN  no build target for: /Users/benlandrette/ccode/multi-language-practice/more-advanced/command-line-tool/scala/src/main/scala/User.scala[0m
2024.03.15 18:34:33 WARN  no build target for: /Users/benlandrette/ccode/multi-language-practice/more-advanced/command-line-tool/scala/src/main/scala/User.scala[0m
2024.03.15 18:34:34 WARN  no build target for: /Users/benlandrette/ccode/multi-language-practice/more-advanced/command-line-tool/scala/src/main/scala/User.scala[0m
2024.03.15 18:34:39 WARN  no build target for: /Users/benlandrette/ccode/multi-language-practice/more-advanced/command-line-tool/scala/src/main/scala/User.scala[0m
2024.03.15 18:34:44 WARN  no build target for: /Users/benlandrette/ccode/multi-language-practice/more-advanced/command-line-tool/scala/src/main/scala/User.scala[0m
2024.03.15 18:34:51 WARN  no build target for: /Users/benlandrette/ccode/multi-language-practice/more-advanced/command-line-tool/scala/src/main/scala/Notebook.scala[0m
2024.03.15 18:35:14 WARN  no build target for: /Users/benlandrette/ccode/multi-language-practice/more-advanced/command-line-tool/scala/src/main/scala/User.scala[0m
2024.03.15 18:35:19 WARN  no build target for: /Users/benlandrette/ccode/multi-language-practice/more-advanced/command-line-tool/scala/src/main/scala/Notebook.scala[0m
2024.03.15 18:35:20 WARN  no build target for: /Users/benlandrette/ccode/multi-language-practice/more-advanced/command-line-tool/scala/src/main/scala/Notebook.scala[0m
2024.03.15 18:35:26 WARN  no build target for: /Users/benlandrette/ccode/multi-language-practice/more-advanced/command-line-tool/scala/src/main/scala/Notebook.scala[0m
Mar 15, 2024 6:35:54 PM org.eclipse.lsp4j.jsonrpc.RemoteEndpoint handleCancellation
WARNING: Unmatched cancel notification for request id 4440
Mar 15, 2024 6:36:08 PM org.eclipse.lsp4j.jsonrpc.RemoteEndpoint handleCancellation
WARNING: Unmatched cancel notification for request id 4539
2024.03.15 18:36:09 WARN  no build target for: /Users/benlandrette/ccode/multi-language-practice/more-advanced/command-line-tool/scala/src/main/scala/User.scala[0m
2024.03.15 18:36:10 WARN  no build target for: /Users/benlandrette/ccode/multi-language-practice/more-advanced/command-line-tool/scala/src/main/scala/User.scala[0m
2024.03.15 18:36:13 WARN  no build target for: /Users/benlandrette/ccode/multi-language-practice/more-advanced/command-line-tool/scala/src/main/scala/User.scala[0m
2024.03.15 18:36:15 WARN  no build target for: /Users/benlandrette/ccode/multi-language-practice/more-advanced/command-line-tool/scala/src/main/scala/User.scala[0m
2024.03.15 18:36:21 WARN  no build target for: /Users/benlandrette/ccode/multi-language-practice/more-advanced/command-line-tool/scala/src/main/scala/User.scala[0m
2024.03.15 18:36:32 WARN  no build target for: /Users/benlandrette/ccode/multi-language-practice/more-advanced/command-line-tool/scala/src/main/scala/User.scala[0m
2024.03.15 18:37:03 WARN  no build target for: /Users/benlandrette/ccode/multi-language-practice/more-advanced/command-line-tool/scala/src/main/scala/Notebook.scala[0m
Mar 15, 2024 6:37:28 PM org.eclipse.lsp4j.jsonrpc.RemoteEndpoint handleCancellation
WARNING: Unmatched cancel notification for request id 4599
2024.03.15 18:37:28 WARN  no build target for: /Users/benlandrette/ccode/multi-language-practice/more-advanced/command-line-tool/scala/src/main/scala/Notebook.scala[0m
2024.03.15 18:37:31 WARN  no build target for: /Users/benlandrette/ccode/multi-language-practice/more-advanced/command-line-tool/scala/src/main/scala/User.scala[0m
2024.03.15 18:38:38 WARN  no build target for: /Users/benlandrette/ccode/multi-language-practice/more-advanced/command-line-tool/scala/src/main/scala/Notebook.scala[0m
2024.03.15 18:40:07 WARN  no build target for: /Users/benlandrette/ccode/multi-language-practice/more-advanced/command-line-tool/scala/src/main/scala/Notebook.scala[0m
Mar 15, 2024 6:40:10 PM org.eclipse.lsp4j.jsonrpc.RemoteEndpoint handleCancellation
WARNING: Unmatched cancel notification for request id 4684
2024.03.15 18:40:13 WARN  no build target for: /Users/benlandrette/ccode/multi-language-practice/more-advanced/command-line-tool/scala/src/main/scala/Notebook.scala[0m
2024.03.15 18:40:16 WARN  no build target for: /Users/benlandrette/ccode/multi-language-practice/more-advanced/command-line-tool/scala/src/main/scala/Notebook.scala[0m
Mar 15, 2024 6:41:42 PM org.eclipse.lsp4j.jsonrpc.RemoteEndpoint handleCancellation
WARNING: Unmatched cancel notification for request id 4700
2024.03.15 18:42:03 WARN  no build target for: /Users/benlandrette/ccode/multi-language-practice/more-advanced/command-line-tool/scala/src/main/scala/Notebook.scala[0m
2024.03.15 18:42:04 WARN  no build target for: /Users/benlandrette/ccode/multi-language-practice/more-advanced/command-line-tool/scala/src/main/scala/Notebook.scala[0m
2024.03.15 18:42:06 WARN  no build target for: /Users/benlandrette/ccode/multi-language-practice/more-advanced/command-line-tool/scala/src/main/scala/Notebook.scala[0m
Mar 15, 2024 6:43:47 PM org.eclipse.lsp4j.jsonrpc.RemoteEndpoint handleCancellation
WARNING: Unmatched cancel notification for request id 4758
2024.03.15 18:44:29 WARN  no build target for: /Users/benlandrette/ccode/multi-language-practice/more-advanced/command-line-tool/scala/src/main/scala/Main.scala[0m
Mar 15, 2024 6:44:30 PM org.eclipse.lsp4j.jsonrpc.RemoteEndpoint handleCancellation
WARNING: Unmatched cancel notification for request id 4780
Mar 15, 2024 6:44:42 PM org.eclipse.lsp4j.jsonrpc.RemoteEndpoint handleCancellation
WARNING: Unmatched cancel notification for request id 4800
Mar 15, 2024 6:44:47 PM org.eclipse.lsp4j.jsonrpc.RemoteEndpoint handleCancellation
WARNING: Unmatched cancel notification for request id 4814
Mar 15, 2024 6:45:09 PM org.eclipse.lsp4j.jsonrpc.RemoteEndpoint handleCancellation
WARNING: Unmatched cancel notification for request id 4826
Mar 15, 2024 6:47:51 PM org.eclipse.lsp4j.jsonrpc.RemoteEndpoint handleCancellation
WARNING: Unmatched cancel notification for request id 4842
Mar 15, 2024 6:47:56 PM org.eclipse.lsp4j.jsonrpc.RemoteEndpoint handleCancellation
WARNING: Unmatched cancel notification for request id 4850
Mar 15, 2024 6:52:14 PM org.eclipse.lsp4j.jsonrpc.RemoteEndpoint handleCancellation
WARNING: Unmatched cancel notification for request id 4864
Mar 15, 2024 6:52:14 PM org.eclipse.lsp4j.jsonrpc.RemoteEndpoint handleCancellation
WARNING: Unmatched cancel notification for request id 4868
Mar 15, 2024 7:01:53 PM org.eclipse.lsp4j.jsonrpc.services.GenericEndpoint notify
INFO: Unsupported notification method: $/setTrace
2024.03.15 19:02:12 INFO  Shutting down server[0m
2024.03.15 19:02:12 INFO  shutting down Metals[0m
2024.03.15 19:02:12 INFO  Exiting server[0m
2024.03.15 19:02:45 INFO  Started: Metals version 1.2.2 in folders '/Users/benlandrette/ccode/multi-language-practice/more-advanced/command-line-tool' for client Visual Studio Code 1.87.2.
19:02:45.483 [pool-1-thread-1] INFO org.flywaydb.core.internal.license.VersionPrinter -- Flyway Community Edition 9.22.3 by Redgate
19:02:45.484 [pool-1-thread-1] INFO org.flywaydb.core.internal.license.VersionPrinter -- See release notes here: https://rd.gt/416ObMi
19:02:45.484 [pool-1-thread-1] INFO org.flywaydb.core.internal.license.VersionPrinter -- 
19:02:45.485 [pool-1-thread-1] DEBUG org.flywaydb.core.internal.scanner.classpath.ClassPathScanner -- Scanning for classpath resources at 'classpath:db/callback' ...
19:02:45.485 [pool-1-thread-1] DEBUG org.flywaydb.core.internal.scanner.classpath.ClassPathScanner -- Determining location urls for classpath:db/callback using ClassLoader jdk.internal.loader.ClassLoaders$AppClassLoader@7e32c033 ...
19:02:45.485 [pool-1-thread-1] DEBUG org.flywaydb.core.internal.scanner.classpath.ClassPathScanner -- Unable to resolve location classpath:db/callback.
19:02:45.485 [pool-1-thread-1] DEBUG org.flywaydb.core.internal.scanner.classpath.ClassPathScanner -- Scanning for classpath resources at 'classpath:db/migration' ...
19:02:45.485 [pool-1-thread-1] DEBUG org.flywaydb.core.internal.scanner.classpath.ClassPathScanner -- Determining location urls for classpath:db/migration using ClassLoader jdk.internal.loader.ClassLoaders$AppClassLoader@7e32c033 ...
19:02:45.486 [pool-1-thread-1] DEBUG org.flywaydb.core.internal.scanner.classpath.ClassPathScanner -- Scanning URL: jar:file:/Users/benlandrette/Library/Caches/Coursier/v1/https/repo1.maven.org/maven2/org/scalameta/metals_2.13/1.2.2/metals_2.13-1.2.2.jar!/db/migration
19:02:45.487 [pool-1-thread-1] DEBUG org.flywaydb.core.internal.scanner.classpath.ClassPathScanner -- Found resource: db/migration/
19:02:45.487 [pool-1-thread-1] DEBUG org.flywaydb.core.internal.scanner.classpath.ClassPathScanner -- Found resource: db/migration/V1__Create_tables.sql
19:02:45.487 [pool-1-thread-1] DEBUG org.flywaydb.core.internal.scanner.classpath.ClassPathScanner -- Found resource: db/migration/V2__Server_discovery.sql
19:02:45.487 [pool-1-thread-1] DEBUG org.flywaydb.core.internal.scanner.classpath.ClassPathScanner -- Found resource: db/migration/V3__Jar_symbols.sql
19:02:45.487 [pool-1-thread-1] DEBUG org.flywaydb.core.internal.scanner.classpath.ClassPathScanner -- Found resource: db/migration/V4__Fingerprints.sql
19:02:45.488 [pool-1-thread-1] DEBUG org.flywaydb.core.internal.scanner.classpath.ClassPathScanner -- Scanning for classes at classpath:db/migration
19:02:45.490 [pool-1-thread-1] DEBUG org.flywaydb.core.internal.scanner.Scanner -- Filtering out resource: db/migration/ (filename: )
19:02:45.490 [pool-1-thread-1] DEBUG org.flywaydb.core.internal.resource.ResourceNameValidator -- Validating V1__Create_tables.sql
19:02:45.491 [pool-1-thread-1] DEBUG org.flywaydb.core.internal.resource.ResourceNameValidator -- Validating V3__Jar_symbols.sql
19:02:45.491 [pool-1-thread-1] DEBUG org.flywaydb.core.internal.resource.ResourceNameValidator -- Validating V2__Server_discovery.sql
19:02:45.491 [pool-1-thread-1] DEBUG org.flywaydb.core.internal.resource.ResourceNameValidator -- Validating V4__Fingerprints.sql
19:02:45.547 [pool-1-thread-1] INFO org.flywaydb.core.FlywayExecutor -- Database: jdbc:h2:file:/Users/benlandrette/ccode/multi-language-practice/more-advanced/command-line-tool/.metals/metals (H2 2.2)
19:02:45.547 [pool-1-thread-1] DEBUG org.flywaydb.core.FlywayExecutor -- Driver: H2 JDBC Driver 2.2.224 (2023-09-17)
19:02:45.547 [pool-1-thread-1] DEBUG org.flywaydb.core.FlywayExecutor -- DDL Transactions Supported: false
19:02:45.548 [pool-1-thread-1] DEBUG org.flywaydb.core.internal.schemahistory.SchemaHistoryFactory -- Schemas: 
19:02:45.548 [pool-1-thread-1] DEBUG org.flywaydb.core.internal.schemahistory.SchemaHistoryFactory -- Default schema: null
19:02:45.550 [pool-1-thread-1] WARN org.flywaydb.core.internal.database.base.Database -- Flyway upgrade recommended: H2 2.2.224 is newer than this version of Flyway and support has not been tested. The latest supported version of H2 is 2.2.220.
19:02:45.551 [pool-1-thread-1] DEBUG org.flywaydb.core.internal.callback.SqlScriptCallbackFactory -- Scanning for SQL callbacks ...
19:02:45.551 [pool-1-thread-1] DEBUG org.flywaydb.core.internal.scanner.Scanner -- Filtering out resource: db/migration/ (filename: )
19:02:45.554 [pool-1-thread-1] DEBUG org.flywaydb.core.internal.command.DbValidate -- Validating migrations ...
19:02:45.555 [pool-1-thread-1] DEBUG org.flywaydb.core.internal.scanner.Scanner -- Filtering out resource: db/migration/ (filename: )
19:02:45.559 [pool-1-thread-1] DEBUG org.flywaydb.core.internal.scanner.Scanner -- Filtering out resource: db/migration/ (filename: )
19:02:45.559 [pool-1-thread-1] DEBUG org.flywaydb.core.internal.scanner.Scanner -- Filtering out resource: db/migration/V1__Create_tables.sql (filename: V1__Create_tables.sql)
19:02:45.559 [pool-1-thread-1] DEBUG org.flywaydb.core.internal.scanner.Scanner -- Filtering out resource: db/migration/V3__Jar_symbols.sql (filename: V3__Jar_symbols.sql)
19:02:45.559 [pool-1-thread-1] DEBUG org.flywaydb.core.internal.scanner.Scanner -- Filtering out resource: db/migration/V2__Server_discovery.sql (filename: V2__Server_discovery.sql)
19:02:45.559 [pool-1-thread-1] DEBUG org.flywaydb.core.internal.scanner.Scanner -- Filtering out resource: db/migration/V4__Fingerprints.sql (filename: V4__Fingerprints.sql)
19:02:45.559 [pool-1-thread-1] DEBUG org.flywaydb.core.internal.scanner.Scanner -- Filtering out resource: db/migration/ (filename: )
19:02:45.559 [pool-1-thread-1] DEBUG org.flywaydb.core.internal.scanner.Scanner -- Filtering out resource: db/migration/V1__Create_tables.sql (filename: V1__Create_tables.sql)
19:02:45.559 [pool-1-thread-1] DEBUG org.flywaydb.core.internal.scanner.Scanner -- Filtering out resource: db/migration/V3__Jar_symbols.sql (filename: V3__Jar_symbols.sql)
19:02:45.560 [pool-1-thread-1] DEBUG org.flywaydb.core.internal.scanner.Scanner -- Filtering out resource: db/migration/V2__Server_discovery.sql (filename: V2__Server_discovery.sql)
19:02:45.560 [pool-1-thread-1] DEBUG org.flywaydb.core.internal.scanner.Scanner -- Filtering out resource: db/migration/V4__Fingerprints.sql (filename: V4__Fingerprints.sql)
19:02:45.564 [pool-1-thread-1] INFO org.flywaydb.core.internal.command.DbValidate -- Successfully validated 4 migrations (execution time 00:00.010s)
19:02:45.565 [pool-1-thread-1] DEBUG org.flywaydb.core.internal.command.DbSchemas -- Skipping creation of existing schema: "PUBLIC"
19:02:45.567 [pool-1-thread-1] INFO org.flywaydb.core.internal.command.DbMigrate -- Current version of schema "PUBLIC": 4
19:02:45.569 [pool-1-thread-1] INFO org.flywaydb.core.internal.command.DbMigrate -- Schema "PUBLIC" is up to date. No migration necessary.
19:02:45.575 [pool-1-thread-1] DEBUG org.flywaydb.core.FlywayExecutor -- Memory usage: 35 of 104M
2024.03.15 19:13:39 INFO  no build target found for /Users/benlandrette/ccode/multi-language-practice/more-advanced/command-line-tool/scala/src/main/scala/Note.scala. Using presentation compiler with project's scala-library version: 3.3.1
Mar 15, 2024 7:13:39 PM org.eclipse.lsp4j.jsonrpc.RemoteEndpoint handleCancellation
WARNING: Unmatched cancel notification for request id 15
Mar 15, 2024 7:13:39 PM org.eclipse.lsp4j.jsonrpc.RemoteEndpoint handleCancellation
WARNING: Unmatched cancel notification for request id 17
Mar 15, 2024 7:13:39 PM org.eclipse.lsp4j.jsonrpc.RemoteEndpoint handleCancellation
WARNING: Unmatched cancel notification for request id 16
2024.03.15 19:13:58 INFO  Shutting down server
2024.03.15 19:13:58 INFO  shutting down Metals
2024.03.15 19:13:58 INFO  Exiting server
